<?xml version="1.0" encoding="UTF-8"?>
<!-- Generated by org.testng.reporters.JUnitXMLReporter -->
<testsuite ignored="0" hostname="DESKTOP-50PIISQ" failures="1" tests="1" name="tyss" time="0.076" errors="0" timestamp="2022-10-17T10:10:43 IST">
  <testcase classname="testNG.prac.ParaMeterPassing" name="launchbrowser" time="0.0">
    <failure type="org.testng.TestNGException" message="
Parameter &amp;apos;tyss&amp;apos; is required by @Test on method launchbrowser but has not been marked @Optional or defined
in C:\Users\Manju\automation\sdet\testng.xml">
      <![CDATA[org.testng.TestNGException: 
Parameter 'tyss' is required by @Test on method launchbrowser but has not been marked @Optional or defined
in C:\Users\Manju\automation\sdet\testng.xml
at java.base/java.util.ArrayList.forEach(ArrayList.java:1511)
... Removed 26 stack frames]]>
    </failure>
  </testcase> <!-- launchbrowser -->
</testsuite> <!-- tyss -->
